2023-01-22 23:17:38,067 INFO werkzeug : [31m[1mWARNING: This is a development server. Do not use it in a production deployment. Use a production WSGI server instead.[0m
 * Running on http://localhost:8080 
2023-01-22 23:17:38,067 INFO werkzeug : [33mPress CTRL+C to quit[0m 
2023-01-22 23:17:38,069 INFO werkzeug :  * Restarting with stat 
2023-01-22 23:17:39,541 WARNING werkzeug :  * Debugger is active! 
2023-01-22 23:17:39,546 INFO werkzeug :  * Debugger PIN: 190-881-970 
2023-01-22 23:17:42,394 ERROR root : 6e8cbd94-b579-4642-a5a5-747458a9327c --- NotFoundException - http://localhost:8080/coupon/filter-coupon-by-user/dhanesh: the given user data is not present in database 
2023-01-22 23:17:42,404 INFO werkzeug : 127.0.0.1 - - [22/Jan/2023 23:17:42] "[35m[1mGET /coupon/filter-coupon-by-user/dhanesh HTTP/1.1[0m" 500 - 
2023-01-22 23:18:02,367 INFO werkzeug : 127.0.0.1 - - [22/Jan/2023 23:18:02] "GET /coupon/filter-coupon-by-user/harini HTTP/1.1" 200 - 
2023-01-22 23:18:33,515 INFO werkzeug :  * Detected change in 'C:\\Users\\LENOVO\\PycharmProjects\\couponsharingportal\\flaskr\\app.py', reloading 
2023-01-22 23:18:33,769 INFO werkzeug :  * Restarting with stat 
2023-01-22 23:18:35,119 WARNING werkzeug :  * Debugger is active! 
2023-01-22 23:18:35,122 INFO werkzeug :  * Debugger PIN: 190-881-970 
2023-01-22 23:18:57,674 ERROR root : da08868e-86bc-4ccd-87af-aeb50ba6b2ef --- NotFoundException - http://localhost:8080/coupon/filter-coupon-by-user/Saira: the given coupon data is not present in database 
2023-01-22 23:18:57,675 INFO werkzeug : 127.0.0.1 - - [22/Jan/2023 23:18:57] "[35m[1mGET /coupon/filter-coupon-by-user/Saira HTTP/1.1[0m" 500 - 
2023-01-22 23:20:09,260 INFO werkzeug :  * Detected change in 'C:\\Users\\LENOVO\\PycharmProjects\\couponsharingportal\\flaskr\\coupons\\service.py', reloading 
2023-01-22 23:20:09,399 INFO werkzeug :  * Restarting with stat 
2023-01-22 23:20:11,360 WARNING werkzeug :  * Debugger is active! 
2023-01-22 23:20:11,364 INFO werkzeug :  * Debugger PIN: 190-881-970 
2023-01-22 23:20:11,457 INFO werkzeug : 127.0.0.1 - - [22/Jan/2023 23:20:11] "GET /coupon/filter-coupon-by-user/Saira HTTP/1.1" 200 - 
2023-01-22 23:20:33,351 INFO werkzeug :  * Detected change in 'C:\\Users\\LENOVO\\PycharmProjects\\couponsharingportal\\flaskr\\coupons\\service.py', reloading 
2023-01-22 23:20:33,531 INFO werkzeug :  * Restarting with stat 
2023-01-22 23:20:35,023 WARNING werkzeug :  * Debugger is active! 
2023-01-22 23:20:35,026 INFO werkzeug :  * Debugger PIN: 190-881-970 
2023-01-22 23:21:08,012 INFO werkzeug :  * Detected change in 'C:\\Users\\LENOVO\\PycharmProjects\\couponsharingportal\\flaskr\\coupons\\controller.py', reloading 
2023-01-22 23:21:08,184 INFO werkzeug :  * Restarting with stat 
2023-01-22 23:21:09,528 WARNING werkzeug :  * Debugger is active! 
2023-01-22 23:21:09,533 INFO werkzeug :  * Debugger PIN: 190-881-970 
2023-01-22 23:21:11,725 ERROR root : 74ee1160-c3c2-4494-85e7-444d5e426ea5 --- NotFoundException - http://localhost:8080/coupon/filter-coupon-by-user/Saira: the given coupon data is not present in database 
2023-01-22 23:21:11,727 INFO werkzeug : 127.0.0.1 - - [22/Jan/2023 23:21:11] "[35m[1mGET /coupon/filter-coupon-by-user/Saira HTTP/1.1[0m" 500 - 
